This is pdfTeX, Version 3.14159265-2.6-1.40.18 (TeX Live 2017/Debian) (preloaded format=pdflatex 2021.7.21)  3 AUG 2021 15:14
entering extended mode
 restricted \write18 enabled.
 file:line:error style messages enabled.
 %&-line parsing enabled.
**/home/eevee/Github/acu-face-render/AcuFaceJrLatex/template.tex
(/home/eevee/Github/acu-face-render/AcuFaceJrLatex/template.tex
LaTeX2e <2017-04-15>
Babel <3.18> and hyphenation patterns for 84 language(s) loaded.

LaTeX Warning: File `example.eps' already exists on the system.
               Not generating it from this source.

(/usr/share/texlive/texmf-dist/tex/latex/base/fix-cm.sty
Package: fix-cm 2015/01/14 v1.1t fixes to LaTeX
 (/usr/share/texlive/texmf-dist/tex/latex/base/ts1enc.def
File: ts1enc.def 2001/06/05 v3.0e (jk/car/fm) Standard LaTeX file
)) (/home/eevee/Github/acu-face-render/AcuFaceJrLatex/svjour3.cls
Document Class: svjour3 2007/05/08 v3.2 
LaTeX document class for Springer journals
(/usr/share/texlive/texmf-dist/tex/latex/base/fleqn.clo
File: fleqn.clo 2016/12/29 v1.2a Standard LaTeX option (flush left equations)
\mathindent=\dimen102
Applying: [2015/01/01] Make \[ robust on input line 50.
LaTeX Info: Redefining \[ on input line 51.
Already applied: [0000/00/00] Make \[ robust on input line 62.
Applying: [2015/01/01] Make \] robust on input line 74.
LaTeX Info: Redefining \] on input line 75.
Already applied: [0000/00/00] Make \] robust on input line 83.
)
Class Springer-SVJour3 Info: extra/valid Springer sub-package (-> *.clo) 
(Springer-SVJour3)           not found in option list of \documentclass
(Springer-SVJour3)           - autoactivating "global" style.
 (/home/eevee/Github/acu-face-render/AcuFaceJrLatex/svglov3.clo
File: svglov3.clo 2009/12/18 v3.2 style option for standardised journals

SVJour Class option: svglov3.clo for standardised journals
)
LaTeX Font Info:    Redeclaring math symbol \Gamma on input line 147.
LaTeX Font Info:    Redeclaring math symbol \Delta on input line 148.
LaTeX Font Info:    Redeclaring math symbol \Theta on input line 149.
LaTeX Font Info:    Redeclaring math symbol \Lambda on input line 150.
LaTeX Font Info:    Redeclaring math symbol \Xi on input line 151.
LaTeX Font Info:    Redeclaring math symbol \Pi on input line 152.
LaTeX Font Info:    Redeclaring math symbol \Sigma on input line 153.
LaTeX Font Info:    Redeclaring math symbol \Upsilon on input line 154.
LaTeX Font Info:    Redeclaring math symbol \Phi on input line 155.
LaTeX Font Info:    Redeclaring math symbol \Psi on input line 156.
LaTeX Font Info:    Redeclaring math symbol \Omega on input line 157.
\logodepth=\dimen103
\headerboxheight=\dimen104
\betweenumberspace=\dimen105
\aftertext=\dimen106
\headlineindent=\dimen107
\c@inst=\count79
\c@auth=\count80
\instindent=\dimen108
\authrun=\box26
\authorrunning=\toks14
\titrun=\box27
\titlerunning=\toks15
\combirun=\box28
\c@lastpage=\count81
\rubricwidth=\dimen109
\c@section=\count82
\c@subsection=\count83
\c@subsubsection=\count84
\c@paragraph=\count85
\c@subparagraph=\count86
\spthmsep=\dimen110
\c@theorem=\count87
\c@case=\count88
\c@conjecture=\count89
\c@corollary=\count90
\c@definition=\count91
\c@example=\count92
\c@exercise=\count93
\c@lemma=\count94
\c@note=\count95
\c@problem=\count96
\c@property=\count97
\c@proposition=\count98
\c@question=\count99
\c@solution=\count100
\c@remark=\count101
\c@figure=\count102
\c@table=\count103
\abovecaptionskip=\skip41
\belowcaptionskip=\skip42
\figcapgap=\dimen111
\tabcapgap=\dimen112
\figgap=\dimen113
\bibindent=\dimen114
\@tempcntc=\count104
) (/usr/share/texlive/texmf-dist/tex/latex/graphics/graphicx.sty
Package: graphicx 2017/06/01 v1.1a Enhanced LaTeX Graphics (DPC,SPQR)
 (/usr/share/texlive/texmf-dist/tex/latex/graphics/keyval.sty
Package: keyval 2014/10/28 v1.15 key=value parser (DPC)
\KV@toks@=\toks16
) (/usr/share/texlive/texmf-dist/tex/latex/graphics/graphics.sty
Package: graphics 2017/06/25 v1.2c Standard LaTeX Graphics (DPC,SPQR)
 (/usr/share/texlive/texmf-dist/tex/latex/graphics/trig.sty
Package: trig 2016/01/03 v1.10 sin cos tan (DPC)
) (/usr/share/texlive/texmf-dist/tex/latex/graphics-cfg/graphics.cfg
File: graphics.cfg 2016/06/04 v1.11 sample graphics configuration
)
Package graphics Info: Driver file: pdftex.def on input line 99.
 (/usr/share/texlive/texmf-dist/tex/latex/graphics-def/pdftex.def
File: pdftex.def 2018/01/08 v1.0l Graphics/color driver for pdftex
))
\Gin@req@height=\dimen115
\Gin@req@width=\dimen116
) (/usr/share/texlive/texmf-dist/tex/latex/psnfss/mathptmx.sty
Package: mathptmx 2005/04/12 PSNFSS-v9.2a Times w/ Math, improved (SPQR, WaS) 
LaTeX Font Info:    Redeclaring symbol font `operators' on input line 28.
LaTeX Font Info:    Overwriting symbol font `operators' in version `normal'
(Font)                  OT1/cmr/m/n --> OT1/ztmcm/m/n on input line 28.
LaTeX Font Info:    Overwriting symbol font `operators' in version `bold'
(Font)                  OT1/cmr/bx/n --> OT1/ztmcm/m/n on input line 28.
LaTeX Font Info:    Redeclaring symbol font `letters' on input line 29.
LaTeX Font Info:    Overwriting symbol font `letters' in version `normal'
(Font)                  OML/cmm/m/it --> OML/ztmcm/m/it on input line 29.
LaTeX Font Info:    Overwriting symbol font `letters' in version `bold'
(Font)                  OML/cmm/b/it --> OML/ztmcm/m/it on input line 29.
LaTeX Font Info:    Redeclaring symbol font `symbols' on input line 30.
LaTeX Font Info:    Overwriting symbol font `symbols' in version `normal'
(Font)                  OMS/cmsy/m/n --> OMS/ztmcm/m/n on input line 30.
LaTeX Font Info:    Overwriting symbol font `symbols' in version `bold'
(Font)                  OMS/cmsy/b/n --> OMS/ztmcm/m/n on input line 30.
LaTeX Font Info:    Redeclaring symbol font `largesymbols' on input line 31.
LaTeX Font Info:    Overwriting symbol font `largesymbols' in version `normal'
(Font)                  OMX/cmex/m/n --> OMX/ztmcm/m/n on input line 31.
LaTeX Font Info:    Overwriting symbol font `largesymbols' in version `bold'
(Font)                  OMX/cmex/m/n --> OMX/ztmcm/m/n on input line 31.
\symbold=\mathgroup4
\symitalic=\mathgroup5
LaTeX Font Info:    Redeclaring math alphabet \mathbf on input line 34.
LaTeX Font Info:    Overwriting math alphabet `\mathbf' in version `normal'
(Font)                  OT1/cmr/bx/n --> OT1/ptm/bx/n on input line 34.
LaTeX Font Info:    Overwriting math alphabet `\mathbf' in version `bold'
(Font)                  OT1/cmr/bx/n --> OT1/ptm/bx/n on input line 34.
LaTeX Font Info:    Redeclaring math alphabet \mathit on input line 35.
LaTeX Font Info:    Overwriting math alphabet `\mathit' in version `normal'
(Font)                  OT1/cmr/m/it --> OT1/ptm/m/it on input line 35.
LaTeX Font Info:    Overwriting math alphabet `\mathit' in version `bold'
(Font)                  OT1/cmr/bx/it --> OT1/ptm/m/it on input line 35.
LaTeX Info: Redefining \hbar on input line 50.
) (/usr/share/texlive/texmf-dist/tex/latex/caption/subcaption.sty
Package: subcaption 2016/05/22 v1.1-161 Sub-captions (AR)
 (/usr/share/texlive/texmf-dist/tex/latex/caption/caption.sty
Package: caption 2016/02/21 v3.3-144 Customizing captions (AR)
 (/usr/share/texlive/texmf-dist/tex/latex/caption/caption3.sty
Package: caption3 2016/05/22 v1.7-166 caption3 kernel (AR)
Package caption3 Info: TeX engine: e-TeX on input line 67.
\captionmargin=\dimen117
\captionmargin@=\dimen118
\captionwidth=\dimen119
\caption@tempdima=\dimen120
\caption@indent=\dimen121
\caption@parindent=\dimen122
\caption@hangindent=\dimen123
Package caption Info: Unknown document class (or package),
(caption)             standard defaults will be used.
)

Package caption Warning: Unsupported document class (or package) detected,
(caption)                usage of the caption package is not recommended.
See the caption package documentation for explanation.

Package caption Info: \@makecaption = \long macro:#1#2->\captionstyle \ifx \@captype \fig@type \vskip \figcapgap \fi \setbox \@tempboxa \hbox {{\floatlegendstyle #1\floatcounterend }\capstrut #2}\ifdim \wd \@tempboxa >\hsize {\floatlegendstyle #1\floatcounterend }\capstrut #2\par \else \hbox to\hsize {\leftlegendglue \unhbox \@tempboxa \hfil }\fi \ifx \@captype \fig@type \else \vskip \tabcapgap \fi .
\c@ContinuedFloat=\count105
)
\c@subfigure=\count106
\c@subtable=\count107
) (/usr/share/texlive/texmf-dist/tex/latex/xcolor/xcolor.sty
Package: xcolor 2016/05/11 v2.12 LaTeX color extensions (UK)
 (/usr/share/texlive/texmf-dist/tex/latex/graphics-cfg/color.cfg
File: color.cfg 2016/01/02 v1.6 sample color configuration
)
Package xcolor Info: Driver file: pdftex.def on input line 225.
Package xcolor Info: Model `cmy' substituted by `cmy0' on input line 1348.
Package xcolor Info: Model `hsb' substituted by `rgb' on input line 1352.
Package xcolor Info: Model `RGB' extended on input line 1364.
Package xcolor Info: Model `HTML' substituted by `rgb' on input line 1366.
Package xcolor Info: Model `Hsb' substituted by `hsb' on input line 1367.
Package xcolor Info: Model `tHsb' substituted by `hsb' on input line 1368.
Package xcolor Info: Model `HSB' substituted by `hsb' on input line 1369.
Package xcolor Info: Model `Gray' substituted by `gray' on input line 1370.
Package xcolor Info: Model `wave' substituted by `hsb' on input line 1371.
) (/usr/share/texlive/texmf-dist/tex/latex/listings/listings.sty
\lst@mode=\count108
\lst@gtempboxa=\box29
\lst@token=\toks17
\lst@length=\count109
\lst@currlwidth=\dimen124
\lst@column=\count110
\lst@pos=\count111
\lst@lostspace=\dimen125
\lst@width=\dimen126
\lst@newlines=\count112
\lst@lineno=\count113
\lst@maxwidth=\dimen127
 (/usr/share/texlive/texmf-dist/tex/latex/listings/lstmisc.sty
File: lstmisc.sty 2015/06/04 1.6 (Carsten Heinz)
\c@lstnumber=\count114
\lst@skipnumbers=\count115
\lst@framebox=\box30
) (/usr/share/texlive/texmf-dist/tex/latex/listings/listings.cfg
File: listings.cfg 2015/06/04 1.6 listings configuration
))
Package: listings 2015/06/04 1.6 (Carsten Heinz)
 (/usr/share/texlive/texmf-dist/tex/latex/l3packages/xparse/xparse.sty (/usr/share/texlive/texmf-dist/tex/latex/l3kernel/expl3.sty
Package: expl3 2018/02/21 L3 programming layer (loader) 
 (/usr/share/texlive/texmf-dist/tex/latex/l3kernel/expl3-code.tex
Package: expl3 2018/02/21 L3 programming layer (code)
\c_max_int=\count116
\l_tmpa_int=\count117
\l_tmpb_int=\count118
\g_tmpa_int=\count119
\g_tmpb_int=\count120
\g__intarray_font_int=\count121
\g__prg_map_int=\count122
\c_log_iow=\count123
\l_iow_line_count_int=\count124
\l__iow_line_target_int=\count125
\l__iow_one_indent_int=\count126
\l__iow_indent_int=\count127
\c_zero_dim=\dimen128
\c_max_dim=\dimen129
\l_tmpa_dim=\dimen130
\l_tmpb_dim=\dimen131
\g_tmpa_dim=\dimen132
\g_tmpb_dim=\dimen133
\c_zero_skip=\skip43
\c_max_skip=\skip44
\l_tmpa_skip=\skip45
\l_tmpb_skip=\skip46
\g_tmpa_skip=\skip47
\g_tmpb_skip=\skip48
\c_zero_muskip=\muskip10
\c_max_muskip=\muskip11
\l_tmpa_muskip=\muskip12
\l_tmpb_muskip=\muskip13
\g_tmpa_muskip=\muskip14
\g_tmpb_muskip=\muskip15
\l_keys_choice_int=\count128
\c__fp_leading_shift_int=\count129
\c__fp_middle_shift_int=\count130
\c__fp_trailing_shift_int=\count131
\c__fp_big_leading_shift_int=\count132
\c__fp_big_middle_shift_int=\count133
\c__fp_big_trailing_shift_int=\count134
\c__fp_Bigg_leading_shift_int=\count135
\c__fp_Bigg_middle_shift_int=\count136
\c__fp_Bigg_trailing_shift_int=\count137
\c__fp_rand_size_int=\count138
\c__fp_rand_four_int=\count139
\c__fp_rand_eight_int=\count140
\l__sort_length_int=\count141
\l__sort_min_int=\count142
\l__sort_top_int=\count143
\l__sort_max_int=\count144
\l__sort_true_max_int=\count145
\l__sort_block_int=\count146
\l__sort_begin_int=\count147
\l__sort_end_int=\count148
\l__sort_A_int=\count149
\l__sort_B_int=\count150
\l__sort_C_int=\count151
\l__tl_build_start_index_int=\count152
\l__tl_build_index_int=\count153
\l__tl_analysis_normal_int=\count154
\l__tl_analysis_index_int=\count155
\l__tl_analysis_nesting_int=\count156
\l__tl_analysis_type_int=\count157
\l__regex_internal_a_int=\count158
\l__regex_internal_b_int=\count159
\l__regex_internal_c_int=\count160
\l__regex_balance_int=\count161
\l__regex_group_level_int=\count162
\l__regex_mode_int=\count163
\c__regex_cs_in_class_mode_int=\count164
\c__regex_cs_mode_int=\count165
\l__regex_catcodes_int=\count166
\l__regex_default_catcodes_int=\count167
\c__regex_catcode_D_int=\count168
\c__regex_catcode_S_int=\count169
\c__regex_catcode_L_int=\count170
\c__regex_catcode_O_int=\count171
\c__regex_catcode_A_int=\count172
\c__regex_all_catcodes_int=\count173
\l__regex_show_lines_int=\count174
\l__regex_min_state_int=\count175
\l__regex_max_state_int=\count176
\l__regex_left_state_int=\count177
\l__regex_right_state_int=\count178
\l__regex_capturing_group_int=\count179
\l__regex_min_pos_int=\count180
\l__regex_max_pos_int=\count181
\l__regex_curr_pos_int=\count182
\l__regex_start_pos_int=\count183
\l__regex_success_pos_int=\count184
\l__regex_curr_char_int=\count185
\l__regex_curr_catcode_int=\count186
\l__regex_last_char_int=\count187
\l__regex_case_changed_char_int=\count188
\l__regex_curr_state_int=\count189
\l__regex_step_int=\count190
\l__regex_min_active_int=\count191
\l__regex_max_active_int=\count192
\l__regex_replacement_csnames_int=\count193
\l__regex_match_count_int=\count194
\l__regex_min_submatch_int=\count195
\l__regex_submatch_int=\count196
\l__regex_zeroth_submatch_int=\count197
\g__regex_trace_regex_int=\count198
\c_empty_box=\box31
\l_tmpa_box=\box32
\l_tmpb_box=\box33
\g_tmpa_box=\box34
\g_tmpb_box=\box35
\l__box_top_dim=\dimen134
\l__box_bottom_dim=\dimen135
\l__box_left_dim=\dimen136
\l__box_right_dim=\dimen137
\l__box_top_new_dim=\dimen138
\l__box_bottom_new_dim=\dimen139
\l__box_left_new_dim=\dimen140
\l__box_right_new_dim=\dimen141
\l__box_internal_box=\box36
\l__coffin_internal_box=\box37
\l__coffin_internal_dim=\dimen142
\l__coffin_offset_x_dim=\dimen143
\l__coffin_offset_y_dim=\dimen144
\l__coffin_x_dim=\dimen145
\l__coffin_y_dim=\dimen146
\l__coffin_x_prime_dim=\dimen147
\l__coffin_y_prime_dim=\dimen148
\c_empty_coffin=\box38
\l__coffin_aligned_coffin=\box39
\l__coffin_aligned_internal_coffin=\box40
\l_tmpa_coffin=\box41
\l_tmpb_coffin=\box42
\l__coffin_display_coffin=\box43
\l__coffin_display_coord_coffin=\box44
\l__coffin_display_pole_coffin=\box45
\l__coffin_display_offset_dim=\dimen149
\l__coffin_display_x_dim=\dimen150
\l__coffin_display_y_dim=\dimen151
\l__coffin_bounding_shift_dim=\dimen152
\l__coffin_left_corner_dim=\dimen153
\l__coffin_right_corner_dim=\dimen154
\l__coffin_bottom_corner_dim=\dimen155
\l__coffin_top_corner_dim=\dimen156
\l__coffin_scaled_total_height_dim=\dimen157
\l__coffin_scaled_width_dim=\dimen158
) (/usr/share/texlive/texmf-dist/tex/latex/l3kernel/l3pdfmode.def
File: l3pdfmode.def 2017/03/18 v L3 Experimental driver: PDF mode
\l__driver_color_stack_int=\count199
\l__driver_tmp_box=\box46
))
Package: xparse 2018/02/21 L3 Experimental document command parser
\l__xparse_current_arg_int=\count266
\g__xparse_grabber_int=\count267
\l__xparse_m_args_int=\count268
\l__xparse_mandatory_args_int=\count269
\l__xparse_v_nesting_int=\count270
)
.................................................
. LaTeX info: "xparse/define-command"
. 
. Defining command \codeword with sig. 'v' on line 60.
.................................................
 (/usr/share/texlive/texmf-dist/tex/latex/listings/lstlang1.sty
File: lstlang1.sty 2015/06/04 1.6 listings language file
) (/usr/share/texlive/texmf-dist/tex/latex/listings/lstmisc.sty
File: lstmisc.sty 2015/06/04 1.6 (Carsten Heinz)
) (/home/eevee/Github/acu-face-render/AcuFaceJrLatex/template.aux)
\openout1 = `template.aux'.

LaTeX Font Info:    Checking defaults for OML/cmm/m/it on input line 74.
LaTeX Font Info:    ... okay on input line 74.
LaTeX Font Info:    Checking defaults for T1/cmr/m/n on input line 74.
LaTeX Font Info:    ... okay on input line 74.
LaTeX Font Info:    Checking defaults for OT1/cmr/m/n on input line 74.
LaTeX Font Info:    ... okay on input line 74.
LaTeX Font Info:    Checking defaults for OMS/cmsy/m/n on input line 74.
LaTeX Font Info:    ... okay on input line 74.
LaTeX Font Info:    Checking defaults for OMX/cmex/m/n on input line 74.
LaTeX Font Info:    ... okay on input line 74.
LaTeX Font Info:    Checking defaults for U/cmr/m/n on input line 74.
LaTeX Font Info:    ... okay on input line 74.
LaTeX Font Info:    Checking defaults for TS1/cmr/m/n on input line 74.
LaTeX Font Info:    ... okay on input line 74.
LaTeX Font Info:    Try loading font information for OT1+ptm on input line 74.
 (/usr/share/texlive/texmf-dist/tex/latex/psnfss/ot1ptm.fd
File: ot1ptm.fd 2001/06/04 font definitions for OT1/ptm.
) (/usr/share/texlive/texmf-dist/tex/context/base/mkii/supp-pdf.mkii
[Loading MPS to PDF converter (version 2006.09.02).]
\scratchcounter=\count271
\scratchdimen=\dimen159
\scratchbox=\box47
\nofMPsegments=\count272
\nofMParguments=\count273
\everyMPshowfont=\toks18
\MPscratchCnt=\count274
\MPscratchDim=\dimen160
\MPnumerator=\count275
\makeMPintoPDFobject=\count276
\everyMPtoPDFconversion=\toks19
) (/usr/share/texlive/texmf-dist/tex/latex/oberdiek/epstopdf-base.sty
Package: epstopdf-base 2016/05/15 v2.6 Base part for package epstopdf
 (/usr/share/texlive/texmf-dist/tex/generic/oberdiek/infwarerr.sty
Package: infwarerr 2016/05/16 v1.4 Providing info/warning/error messages (HO)
) (/usr/share/texlive/texmf-dist/tex/latex/oberdiek/grfext.sty
Package: grfext 2016/05/16 v1.2 Manage graphics extensions (HO)
 (/usr/share/texlive/texmf-dist/tex/generic/oberdiek/kvdefinekeys.sty
Package: kvdefinekeys 2016/05/16 v1.4 Define keys (HO)
 (/usr/share/texlive/texmf-dist/tex/generic/oberdiek/ltxcmds.sty
Package: ltxcmds 2016/05/16 v1.23 LaTeX kernel commands for general use (HO)
))) (/usr/share/texlive/texmf-dist/tex/latex/oberdiek/kvoptions.sty
Package: kvoptions 2016/05/16 v3.12 Key value format for package options (HO)
 (/usr/share/texlive/texmf-dist/tex/generic/oberdiek/kvsetkeys.sty
Package: kvsetkeys 2016/05/16 v1.17 Key value parser (HO)
 (/usr/share/texlive/texmf-dist/tex/generic/oberdiek/etexcmds.sty
Package: etexcmds 2016/05/16 v1.6 Avoid name clashes with e-TeX commands (HO)
 (/usr/share/texlive/texmf-dist/tex/generic/oberdiek/ifluatex.sty
Package: ifluatex 2016/05/16 v1.4 Provides the ifluatex switch (HO)
Package ifluatex Info: LuaTeX not detected.
)
Package etexcmds Info: Could not find \expanded.
(etexcmds)             That can mean that you are not using pdfTeX 1.50 or
(etexcmds)             that some package has redefined \expanded.
(etexcmds)             In the latter case, load this package earlier.
))) (/usr/share/texlive/texmf-dist/tex/generic/oberdiek/pdftexcmds.sty
Package: pdftexcmds 2018/01/21 v0.26 Utility functions of pdfTeX for LuaTeX (HO)
 (/usr/share/texlive/texmf-dist/tex/generic/oberdiek/ifpdf.sty
Package: ifpdf 2017/03/15 v3.2 Provides the ifpdf switch
)
Package pdftexcmds Info: LuaTeX not detected.
Package pdftexcmds Info: \pdf@primitive is available.
Package pdftexcmds Info: \pdf@ifprimitive is available.
Package pdftexcmds Info: \pdfdraftmode found.
)
Package epstopdf-base Info: Redefining graphics rule for `.eps' on input line 438.
Package grfext Info: Graphics extension search list:
(grfext)             [.pdf,.png,.jpg,.mps,.jpeg,.jbig2,.jb2,.PDF,.PNG,.JPG,.JPEG,.JBIG2,.JB2,.eps]
(grfext)             \AppendGraphicsExtensions on input line 456.
 (/usr/share/texlive/texmf-dist/tex/latex/latexconfig/epstopdf-sys.cfg
File: epstopdf-sys.cfg 2010/07/13 v1.3 Configuration of (r)epstopdf for TeX Live
))
\big@size=\dimen161
Package caption Info: Begin \AtBeginDocument code.
Package caption Info: Incompatible package detected (regarding \@caption).
(caption)             \@caption = \long macro:#1[#2]#3->\par \addcontentsline {\csname ext@#1\endcsname }{#1}{\protect \numberline {\csname the#1\endcsname }{\ignorespaces #2}}\begingroup \@parboxrestore \@makecaption {\csname fnum@#1\endcsname }{\ignorespaces #3}\par \endgroup .


Package caption Warning: Forced redefinition of \caption since the
(caption)                unsupported(!) package option `compatibility=false'
(caption)                was given.
See the caption package documentation for explanation.

Package caption Info: listings package is loaded.
Package caption Info: End \AtBeginDocument code.
\c@lstlisting=\count277
LaTeX Font Info:    Font shape `OT1/ptm/bx/n' in size <10> not available
(Font)              Font shape `OT1/ptm/b/n' tried instead on input line 101.
LaTeX Font Info:    Font shape `OT1/ptm/bx/n' in size <16> not available
(Font)              Font shape `OT1/ptm/b/n' tried instead on input line 101.

Package mathptmx Warning: There are no bold math fonts on input line 101.

LaTeX Font Info:    Try loading font information for OT1+ztmcm on input line 101.
(/usr/share/texlive/texmf-dist/tex/latex/psnfss/ot1ztmcm.fd
File: ot1ztmcm.fd 2000/01/03 Fontinst v1.801 font definitions for OT1/ztmcm.
)
LaTeX Font Info:    Try loading font information for OML+ztmcm on input line 101.
 (/usr/share/texlive/texmf-dist/tex/latex/psnfss/omlztmcm.fd
File: omlztmcm.fd 2000/01/03 Fontinst v1.801 font definitions for OML/ztmcm.
)
LaTeX Font Info:    Try loading font information for OMS+ztmcm on input line 101.
 (/usr/share/texlive/texmf-dist/tex/latex/psnfss/omsztmcm.fd
File: omsztmcm.fd 2000/01/03 Fontinst v1.801 font definitions for OMS/ztmcm.
)
LaTeX Font Info:    Try loading font information for OMX+ztmcm on input line 101.
 (/usr/share/texlive/texmf-dist/tex/latex/psnfss/omxztmcm.fd
File: omxztmcm.fd 2000/01/03 Fontinst v1.801 font definitions for OMX/ztmcm.
)
LaTeX Font Info:    Font shape `OT1/ptm/bx/n' in size <7.4> not available
(Font)              Font shape `OT1/ptm/b/n' tried instead on input line 101.
LaTeX Font Info:    Font shape `OT1/ptm/bx/n' in size <6> not available
(Font)              Font shape `OT1/ptm/b/n' tried instead on input line 101.
LaTeX Font Info:    Calculating math sizes for size <8.5> on input line 101.
LaTeX Font Info:    Font shape `OT1/ptm/bx/n' in size <8.5> not available
(Font)              Font shape `OT1/ptm/b/n' tried instead on input line 101.
LaTeX Font Info:    Font shape `OT1/ptm/bx/n' in size <6.29004> not available
(Font)              Font shape `OT1/ptm/b/n' tried instead on input line 101.
LaTeX Font Info:    Font shape `OT1/ptm/bx/n' in size <5.10005> not available
(Font)              Font shape `OT1/ptm/b/n' tried instead on input line 101.
<figures/face-meridians.png, id=1, 1766.6pt x 864.22874pt>
File: figures/face-meridians.png Graphic file (type png)
<use figures/face-meridians.png>
Package pdftex.def Info: figures/face-meridians.png  used on input line 118.
(pdftex.def)             Requested size: 238.96417pt x 116.89001pt.
Missing character: There is no ‚ in font ptmr7t!
Missing character: There is no Ä in font ptmr7t!
Missing character: There is no ô in font ptmr7t!

Overfull \hbox (7.524pt too wide) in paragraph at lines 113--125
\OT1/ptm/m/n/10 However, acupunc-ture prac-tice re-lies on ex-pe-ri-enced acupunc-
 []


Underfull \hbox (badness 10000) in paragraph at lines 113--125

 []


Underfull \vbox (badness 10000) has occurred while \output is active []

 [1{/var/lib/texmf/fonts/map/pdftex/updmap/pdftex.map}


 </home/eevee/Github/acu-face-render/AcuFaceJrLatex/figures/face-meridians.png>]
<figures/zones.png, id=12, 1718.42pt x 953.5625pt>
File: figures/zones.png Graphic file (type png)
<use figures/zones.png>
Package pdftex.def Info: figures/zones.png  used on input line 131.
(pdftex.def)             Requested size: 215.06628pt x 119.34052pt.

Overfull \hbox (21.65334pt too wide) in paragraph at lines 128--134
\OT1/ptm/m/n/10 fies the name and the stan-dard lo-ca-tion of the ear acupoints(Fig.2[]).
 []

Missing character: There is no ‚ in font ptmr7t!
Missing character: There is no Ä in font ptmr7t!
Missing character: There is no ô in font ptmr7t!

Overfull \hbox (2.7833pt too wide) in paragraph at lines 136--137
\OT1/ptm/m/n/10 men-ta-tion in real-time to gather ref-er-ence points for acupunc-
 []


Overfull \hbox (3.22339pt too wide) in paragraph at lines 136--137
\OT1/ptm/m/n/10 Me-di-aPipe, a frame-work for build-ing cross-platform ma-chine
 []


Underfull \vbox (badness 2426) has occurred while \output is active []


Overfull \hbox (0.6936pt too wide) in paragraph at lines 148--151
\OT1/ptm/m/n/10 As for the lo-cal-iza-tion meth-ods in prac-tice, God-son and War-
 []

[2 </home/eevee/Github/acu-face-render/AcuFaceJrLatex/figures/zones.png>]
<figures/structure.pdf, id=17, 507.81718pt x 196.8153pt>
File: figures/structure.pdf Graphic file (type pdf)
<use figures/structure.pdf>
Package pdftex.def Info: figures/structure.pdf  used on input line 159.
(pdftex.def)             Requested size: 215.06628pt x 83.35258pt.
Missing character: There is no ‚ in font ptmr7t!
Missing character: There is no Ä in font ptmr7t!
Missing character: There is no ô in font ptmr7t!

Overfull \hbox (5.39288pt too wide) in paragraph at lines 166--167
[]\OT1/ptm/b/n/10 Acupoints lo-cal-iza-tion: \OT1/ptm/m/n/10 We firstly lo-cal-ize fa-cial anatom-
 []

Missing character: There is no ‚ in font ptmr7t!
Missing character: There is no Ä in font ptmr7t!
Missing character: There is no ô in font ptmr7t!
<figures/graph_main.png, id=18, 525.965pt x 757.83125pt>
File: figures/graph_main.png Graphic file (type png)
<use figures/graph_main.png>
Package pdftex.def Info: figures/graph_main.png  used on input line 174.
(pdftex.def)             Requested size: 238.96417pt x 344.30496pt.

Overfull \hbox (1.51329pt too wide) in paragraph at lines 170--178
\OT1/ptm/m/n/10 We fit the whole pro-cess into Me-di-aPipes per-cep-tion pipeline
 []


Overfull \hbox (3.85332pt too wide) in paragraph at lines 170--178
\OT1/ptm/m/n/10 im-ple-men-ta-tion de-tails in the next sec-tion. We show the graph
 []

[3 </home/eevee/Github/acu-face-render/AcuFaceJrLatex/figures/structure.pdf

pdfTeX warning: pdflatex (file /home/eevee/Github/acu-face-render/AcuFaceJrLatex/figures/structure.pdf): PDF inclusion: invalid other resource which is no dict (key 'ProcSets', type <array>); ignored.
>]
Overfull \hbox (2.70381pt too wide) in paragraph at lines 189--190
[]\OT1/ptm/b/n/10 Face land-marks gen-er-a-tion\OT1/ptm/m/n/10 : The pre-trained model pro-
 []

<figures/facemesh.pdf, id=47, 510.94888pt x 189.8292pt>
File: figures/facemesh.pdf Graphic file (type pdf)
<use figures/facemesh.pdf>
Package pdftex.def Info: figures/facemesh.pdf  used on input line 194.
(pdftex.def)             Requested size: 215.06628pt x 79.9015pt.

Overfull \hbox (5.24303pt too wide) in paragraph at lines 191--197
\OT1/ptm/m/n/10 ver-tices with se-man-tic mean-ing as the ref-er-ence points(Fig.5[]).
 []

<figures/hair.pdf, id=48, 522.03032pt x 218.7372pt>
File: figures/hair.pdf Graphic file (type pdf)
<use figures/hair.pdf>
Package pdftex.def Info: figures/hair.pdf  used on input line 203.
(pdftex.def)             Requested size: 215.06628pt x 90.11671pt.
Missing character: There is no ‚ in font ptmr7t!
Missing character: There is no Ä in font ptmr7t!
Missing character: There is no ú in font ptmr7t!
Missing character: There is no ‚ in font ptmr7t!
Missing character: There is no Ä in font ptmr7t!
Missing character: There is no ù in font ptmr7t!
Missing character: There is no ‚ in font ptmr7t!
Missing character: There is no Ä in font ptmr7t!
Missing character: There is no ô in font ptmr7t!
<figures/b-cun-2.jpg, id=49, 368.37625pt x 451.6875pt>
File: figures/b-cun-2.jpg Graphic file (type jpg)
<use figures/b-cun-2.jpg>
Package pdftex.def Info: figures/b-cun-2.jpg  used on input line 214.
(pdftex.def)             Requested size: 107.53314pt x 131.84753pt.
<figures/b-cun.jpg, id=50, 368.37625pt x 451.6875pt>
File: figures/b-cun.jpg Graphic file (type jpg)
<use figures/b-cun.jpg>
Package pdftex.def Info: figures/b-cun.jpg  used on input line 221.
(pdftex.def)             Requested size: 107.53314pt x 131.84753pt.
[4 </home/eevee/Github/acu-face-render/AcuFaceJrLatex/figures/graph_main.png> </home/eevee/Github/acu-face-render/AcuFaceJrLatex/figures/facemesh.pdf

pdfTeX warning: pdflatex (file /home/eevee/Github/acu-face-render/AcuFaceJrLatex/figures/facemesh.pdf): PDF inclusion: invalid other resource which is no dict (key 'ProcSets', type <array>); ignored.
> </home/eevee/Github/acu-face-render/AcuFaceJrLatex/figures/hair.pdf

pdfTeX warning: pdflatex (file /home/eevee/Github/acu-face-render/AcuFaceJrLatex/figures/hair.pdf): PDF inclusion: invalid other resource which is no dict (key 'ProcSets', type <array>); ignored.
> </home/eevee/Github/acu-face-render/AcuFaceJrLatex/figures/b-cun-2.jpg> </home/eevee/Github/acu-face-render/AcuFaceJrLatex/figures/b-cun.jpg>]
Missing character: There is no ‚ in font ptmr7t!
Missing character: There is no Ä in font ptmr7t!
Missing character: There is no ô in font ptmr7t!

Overfull \hbox (2.23029pt too wide) in paragraph at lines 241--253
 [] 
 []

<figures/st.png, id=90, 520.94624pt x 548.0475pt>
File: figures/st.png Graphic file (type png)
<use figures/st.png>
Package pdftex.def Info: figures/st.png  used on input line 260.
(pdftex.def)             Requested size: 119.48209pt x 125.69704pt.

Overfull \hbox (9.24367pt too wide) in paragraph at lines 257--263
\OT1/ptm/m/n/10 Sibai, be-longs to the ST(Foot's Yang Supreme Stom-ach Merid-
 []


Overfull \hbox (3.9428pt too wide) in paragraph at lines 277--279
\OT1/ptm/m/n/10 ally de-scribed as Perspective-n-Point(PnP) prob-lem. The goal
 []


Overfull \hbox (17.58618pt too wide) in paragraph at lines 282--283
[]$\OML/ztmcm/m/it/10 P[]$\OT1/ptm/m/n/10 : Left cor-ner of the left eye $\OT1/ztmcm/m/n/10 (\OMS/ztmcm/m/n/10 ^^@\OT1/ztmcm/m/n/10 222\OML/ztmcm/m/it/10 :\OT1/ztmcm/m/n/10 293\OML/ztmcm/m/it/10 ; \OT1/ztmcm/m/n/10 189\OML/ztmcm/m/it/10 :\OT1/ztmcm/m/n/10 5445\OML/ztmcm/m/it/10 ; \OT1/ztmcm/m/n/10 215\OML/ztmcm/m/it/10 :\OT1/ztmcm/m/n/10 109)$ 
 []


Overfull \hbox (20.94627pt too wide) in paragraph at lines 283--284
[]$\OML/ztmcm/m/it/10 P[]$\OT1/ptm/m/n/10 : Right cor-ner of the right eye $\OT1/ztmcm/m/n/10 (222\OML/ztmcm/m/it/10 :\OT1/ztmcm/m/n/10 293\OML/ztmcm/m/it/10 ; \OT1/ztmcm/m/n/10 189\OML/ztmcm/m/it/10 :\OT1/ztmcm/m/n/10 5445\OML/ztmcm/m/it/10 ; \OT1/ztmcm/m/n/10 215\OML/ztmcm/m/it/10 :\OT1/ztmcm/m/n/10 109)$ 
 []


Overfull \hbox (21.95618pt too wide) in paragraph at lines 284--285
[]$\OML/ztmcm/m/it/10 P[]$\OT1/ptm/m/n/10 : Left cor-ner of the mouth $\OT1/ztmcm/m/n/10 (\OMS/ztmcm/m/n/10 ^^@\OT1/ztmcm/m/n/10 122\OML/ztmcm/m/it/10 :\OT1/ztmcm/m/n/10 8105\OML/ztmcm/m/it/10 ; \OMS/ztmcm/m/n/10 ^^@\OT1/ztmcm/m/n/10 160\OML/ztmcm/m/it/10 :\OT1/ztmcm/m/n/10 786\OML/ztmcm/m/it/10 ; \OT1/ztmcm/m/n/10 159\OML/ztmcm/m/it/10 :\OT1/ztmcm/m/n/10 586)$ 
 []


Overfull \hbox (19.75621pt too wide) in paragraph at lines 285--286
[]$\OML/ztmcm/m/it/10 P[]$\OT1/ptm/m/n/10 : Right cor-ner of the mouth $\OT1/ztmcm/m/n/10 (122\OML/ztmcm/m/it/10 :\OT1/ztmcm/m/n/10 8105\OML/ztmcm/m/it/10 ; \OMS/ztmcm/m/n/10 ^^@\OT1/ztmcm/m/n/10 160\OML/ztmcm/m/it/10 :\OT1/ztmcm/m/n/10 786\OML/ztmcm/m/it/10 ; \OT1/ztmcm/m/n/10 159\OML/ztmcm/m/it/10 :\OT1/ztmcm/m/n/10 586)$ 
 []

<figures/pose_estimation_mesh.jpg, id=91, 543.02875pt x 656.4525pt>
File: figures/pose_estimation_mesh.jpg Graphic file (type jpg)
<use figures/pose_estimation_mesh.jpg>
Package pdftex.def Info: figures/pose_estimation_mesh.jpg  used on input line 289.
(pdftex.def)             Requested size: 119.48209pt x 144.43001pt.
[5 </home/eevee/Github/acu-face-render/AcuFaceJrLatex/figures/st.png>]
<figures/proportions_of_head.jpg, id=100, 510.90875pt x 325.215pt>
File: figures/proportions_of_head.jpg Graphic file (type jpg)
<use figures/proportions_of_head.jpg>
Package pdftex.def Info: figures/proportions_of_head.jpg  used on input line 300.
(pdftex.def)             Requested size: 215.06628pt x 136.89703pt.
<figures/finecrop.jpg, id=101, 844.15375pt x 290.08376pt>
File: figures/finecrop.jpg Graphic file (type jpg)
<use figures/finecrop.jpg>
Package pdftex.def Info: figures/finecrop.jpg  used on input line 306.
(pdftex.def)             Requested size: 238.96417pt x 82.117pt.

Underfull \hbox (badness 3872) in paragraph at lines 307--307
[]\OT1/ptm/m/n/10 Fig. 11: |FineCro-pEar mod-ule pro-cess.(1)Input coarse
 []

<figures/ear-in-the-wild.png, id=102, 527.9725pt x 462.72874pt>
File: figures/ear-in-the-wild.png Graphic file (type png)
<use figures/ear-in-the-wild.png>
Package pdftex.def Info: figures/ear-in-the-wild.png  used on input line 318.
(pdftex.def)             Requested size: 146.09114pt x 128.0374pt.

Underfull \hbox (badness 2351) in paragraph at lines 319--319
[]\OT1/ptm/m/n/8.5 (a) |Pro-vided land-marks and anatomy of
 []

<figures/template-landmarks.png, id=103, 117.43875pt x 231.86626pt>
File: figures/template-landmarks.png Graphic file (type png)
<use figures/template-landmarks.png>
Package pdftex.def Info: figures/template-landmarks.png  used on input line 325.
(pdftex.def)             Requested size: 64.85133pt x 128.0374pt.

Underfull \hbox (badness 10000) in paragraph at lines 326--326
[]\OT1/ptm/m/n/8.5 (b) |An-no-tated land-
 []

<figures/graph-ear-landmarks.png, id=104, 538.01pt x 752.8125pt>
File: figures/graph-ear-landmarks.png Graphic file (type png)
<use figures/graph-ear-landmarks.png>
Package pdftex.def Info: figures/graph-ear-landmarks.png  used on input line 336.
(pdftex.def)             Requested size: 215.06628pt x 300.93587pt.

Overfull \hbox (0.19402pt too wide) in paragraph at lines 333--339
[]\OT1/ptm/m/n/10 For this task, Hans-ley et al.[31] pro-vide an un-con-strained
 []

[6 </home/eevee/Github/acu-face-render/AcuFaceJrLatex/figures/pose_estimation_mesh.jpg> </home/eevee/Github/acu-face-render/AcuFaceJrLatex/figures/proportions_of_head.jpg> </home/eevee/Github/acu-face-render/AcuFaceJrLatex/figures/finecrop.jpg> </home/eevee/Github/acu-face-render/AcuFaceJrLatex/figures/ear-in-the-wild.png> </home/eevee/Github/acu-face-render/AcuFaceJrLatex/figures/template-landmarks.png>]
<figures/hansley-example.png, id=110, 1921.1775pt x 388.45125pt>
File: figures/hansley-example.png Graphic file (type png)
<use figures/hansley-example.png>
Package pdftex.def Info: figures/hansley-example.png  used on input line 343.
(pdftex.def)             Requested size: 495.0pt x 100.08214pt.
<figures/triangle.jpg, id=111, 226.8475pt x 476.78125pt>
File: figures/triangle.jpg Graphic file (type jpg)
<use figures/triangle.jpg>
Package pdftex.def Info: figures/triangle.jpg  used on input line 356.
(pdftex.def)             Requested size: 54.15028pt x 113.81102pt.
<figures/triangle_recolor.jpg, id=112, 226.8475pt x 476.78125pt>
File: figures/triangle_recolor.jpg Graphic file (type jpg)
<use figures/triangle_recolor.jpg>
Package pdftex.def Info: figures/triangle_recolor.jpg  used on input line 363.
(pdftex.def)             Requested size: 54.15028pt x 113.81102pt.
<figures/triangle_dest.jpg, id=113, 226.8475pt x 476.78125pt>
File: figures/triangle_dest.jpg Graphic file (type jpg)
<use figures/triangle_dest.jpg>
Package pdftex.def Info: figures/triangle_dest.jpg  used on input line 370.
(pdftex.def)             Requested size: 54.15028pt x 113.81102pt.

Overfull \hbox (4.35483pt too wide) in paragraph at lines 389--390
[]\OT1/ptm/m/n/10 Calculate the affine trans-form that maps the $\OT1/ztmcm/m/n/10 (\OML/ztmcm/m/it/10 Ti[]; Ti[]; Ti[]\OT1/ztmcm/m/n/10 )$
 []

<figures/morph-res.png, id=114, 1110.1475pt x 538.01pt>
File: figures/morph-res.png Graphic file (type png)
<use figures/morph-res.png>
Package pdftex.def Info: figures/morph-res.png  used on input line 396.
(pdftex.def)             Requested size: 238.96417pt x 115.80945pt.
<figures/res.png, id=115, 1394.20876pt x 862.22125pt>
File: figures/res.png Graphic file (type png)
<use figures/res.png>
Package pdftex.def Info: figures/res.png  used on input line 410.
(pdftex.def)             Requested size: 238.96417pt x 147.7729pt.
<figures/press-acu.jpg, id=116, 1027.84pt x 770.88pt>
File: figures/press-acu.jpg Graphic file (type jpg)
<use figures/press-acu.jpg>
Package pdftex.def Info: figures/press-acu.jpg  used on input line 415.
(pdftex.def)             Requested size: 238.96417pt x 179.21599pt.

Overfull \hbox (40.06357pt too wide) in paragraph at lines 407--418
\OT1/ptm/m/n/10 would not find prob-lems point-ing or press-ing a tar-get acupoint(Fig.18[]).
 []


Underfull \hbox (badness 3525) in paragraph at lines 427--427
[]\OT1/ptm/m/n/8.5 One-time pro-
 []


Underfull \hbox (badness 10000) in paragraph at lines 427--428
[]\OT1/ptm/m/n/8.5 Multiple-times
 []


Underfull \hbox (badness 10000) in paragraph at lines 429--429
[]\OT1/ptm/m/n/8.5 Reference
 []

<figures/mean_pixel_err.png, id=117, 462.528pt x 346.896pt>
File: figures/mean_pixel_err.png Graphic file (type png)
<use figures/mean_pixel_err.png>
Package pdftex.def Info: figures/mean_pixel_err.png  used on input line 441.
(pdftex.def)             Requested size: 238.96417pt x 179.22244pt.
[7 </home/eevee/Github/acu-face-render/AcuFaceJrLatex/figures/graph-ear-landmarks.png>] [8 </home/eevee/Github/acu-face-render/AcuFaceJrLatex/figures/hansley-example.png> </home/eevee/Github/acu-face-render/AcuFaceJrLatex/figures/triangle.jpg> </home/eevee/Github/acu-face-render/AcuFaceJrLatex/figures/triangle_recolor.jpg> </home/eevee/Github/acu-face-render/AcuFaceJrLatex/figures/triangle_dest.jpg> </home/eevee/Github/acu-face-render/AcuFaceJrLatex/figures/morph-res.png> </home/eevee/Github/acu-face-render/AcuFaceJrLatex/figures/res.png> </home/eevee/Github/acu-face-render/AcuFaceJrLatex/figures/press-acu.jpg>]
Missing character: There is no ‚ in font ptmr7t!
Missing character: There is no Ä in font ptmr7t!
Missing character: There is no ô in font ptmr7t!

Overfull \hbox (1.24377pt too wide) in paragraph at lines 490--491
\OT1/ptm/m/n/10 only re-quire a small set of land-marks. Even though the model
 []

Missing character: There is no ‚ in font ptmr7t!
Missing character: There is no Ä in font ptmr7t!
Missing character: There is no ô in font ptmr7t!
(/home/eevee/Github/acu-face-render/AcuFaceJrLatex/template.bbl
Missing character: There is no ‚ in font ptmr7t!
Missing character: There is no Ä in font ptmr7t!
Missing character: There is no ô in font ptmr7t!
 [9 </home/eevee/Github/acu-face-render/AcuFaceJrLatex/figures/mean_pixel_err.png>]
Underfull \hbox (badness 10000) in paragraph at lines 47--52
[]\OT1/ptm/m/n/8.5 E. Yau.  Vir-tual re-al-ity helps chi-nese medicine
 []


Underfull \hbox (badness 10000) in paragraph at lines 47--52
\OT1/ptm/m/n/8.5 stu-dents learn acupunc-ture and doc-tors treat can-
 []


Underfull \hbox (badness 10000) in paragraph at lines 47--52
\OT1/ptm/m/n/8.5 cer.  URL https://www.scmp.com/lifestyle/health-
 []


Underfull \hbox (badness 10000) in paragraph at lines 47--52
\OT1/ptm/m/n/8.5 wellness/article/2169092/virtual-reality-helps-chinese-medicine-
 []


Underfull \hbox (badness 10000) in paragraph at lines 109--111
[]\OT1/ptm/m/n/8.5 A. Tkachenka, G. Karpiak, A. Vakunov, Y. Kar-tyn-nik,
 []


Underfull \hbox (badness 2213) in paragraph at lines 109--111
\OT1/ptm/m/n/8.5 A. Ablavatski, V. Bazarevsky, S. Pis-archyk, arXiv preprint
 []


Underfull \hbox (badness 1472) in paragraph at lines 113--117
\OT1/ptm/m/n/8.5 acu-points (2005).  https://musculoskeletalkey.com/ynsa-basic-
 []


Underfull \hbox (badness 10000) in paragraph at lines 119--122
[]\OT1/ptm/m/n/8.5 Unknown.  Ynsa ba-sic points (2017).
 []


Underfull \hbox (badness 10000) in paragraph at lines 124--127
[]\OT1/ptm/m/n/8.5 Unknown.  At-las of acupunc-ture points (2007).
 []


Underfull \hbox (badness 10000) in paragraph at lines 129--133
[]\OT1/ptm/m/n/8.5 Artyfactory.  The pro-por-tions of the head.
 []


Underfull \hbox (badness 10000) in paragraph at lines 129--133
\OT1/ptm/m/n/8.5 URL https://www.artyfactory.com/portraits/pencil-
 []

) [10] (/home/eevee/Github/acu-face-render/AcuFaceJrLatex/template.aux) ) 
Here is how much of TeX's memory you used:
 13575 strings out of 492982
 256845 string characters out of 6134896
 308539 words of memory out of 5000000
 17026 multiletter control sequences out of 15000+600000
 561347 words of font info for 81 fonts, out of 8000000 for 9000
 1141 hyphenation exceptions out of 8191
 42i,11n,49p,10409b,494s stack positions out of 5000i,500n,10000p,200000b,80000s
{/usr/share/texlive/texmf-dist/fonts/enc/dvips/base/8r.enc}</usr/share/texlive/texmf-dist/fonts/type1/public/amsfonts/cm/cmmi10.pfb></usr/share/texlive/texmf-dist/fonts/type1/public/amsfonts/cm/cmr10.pfb></usr/share/texlive/texmf-dist/fonts/type1/public/amsfonts/cm/cmsy10.pfb></usr/share/texlive/texmf-dist/fonts/type1/public/amsfonts/cm/cmtt10.pfb></usr/share/texlive/texmf-dist/fonts/type1/urw/symbol/usyr.pfb></usr/share/texlive/texmf-dist/fonts/type1/urw/times/utmb8a.pfb></usr/share/texlive/texmf-dist/fonts/type1/urw/times/utmr8a.pfb></usr/share/texlive/texmf-dist/fonts/type1/urw/times/utmri8a.pfb>
Output written on /home/eevee/Github/acu-face-render/AcuFaceJrLatex/template.pdf (10 pages, 7660733 bytes).
PDF statistics:
 165 PDF objects out of 1000 (max. 8388607)
 92 compressed objects within 1 object stream
 0 named destinations out of 1000 (max. 500000)
 116 words of extra memory for PDF output out of 10000 (max. 10000000)

